<?xml version="1.0" encoding="UTF-8"?>
<!-- Generated by org.testng.reporters.JUnitReportReporter -->
<testsuite hostname="DEEPU" failures="0" tests="3" name="DeepuSDET.tests.StandaloneOrderSubmit" time="53.672" errors="0" timestamp="2025-07-30T22:07:09 CDT" skipped="0">
  <testcase classname="DeepuSDET.tests.StandaloneOrderSubmit" name="orderSubmit" time="22.012"/>
  <testcase classname="DeepuSDET.tests.StandaloneOrderSubmit" name="OrderHistoryTest" time="6.742"/>
  <testcase classname="DeepuSDET.tests.StandaloneOrderSubmit" name="orderSubmit" time="24.918"/>
</testsuite> <!-- DeepuSDET.tests.StandaloneOrderSubmit -->
