<?xml version="1.0" encoding="UTF-8"?>
<!-- Generated by org.testng.reporters.JUnitReportReporter -->
<testsuite hostname="DEEPU" failures="0" tests="2" name="DeepuSDET.tests.StandaloneOrderSubmit" time="41.258" errors="0" timestamp="2024-10-23T22:48:34 CDT" skipped="0">
  <testcase classname="DeepuSDET.tests.StandaloneOrderSubmit" name="orderSubmit" time="21.037"/>
  <testcase classname="DeepuSDET.tests.StandaloneOrderSubmit" name="orderSubmit" time="20.221"/>
</testsuite> <!-- DeepuSDET.tests.StandaloneOrderSubmit -->
